# Server version 0.08 running on KARTIK-MISRA:8123
# Game ID: 9
# Board class: pentago_swap.PentagoBoard
# Timeout: 2000
# First Move Timeout: 30000
# Date: Fri Sep 13 16:14:58 EDT 2019
# Player 1: Player-0, 'RandomPlayer', running on 127.0.0.1
# Player 2: Player-1, '260663577', running on 127.0.0.1
START Player-0 RandomPlayer
START Player-1 260663577
5 2 TR BR 0
5 5 BL BR 1
0 3 TL TR 0
5 4 BL BR 1
3 4 BL BR 0
5 3 BL BR 1
1 5 TL BL 0
5 4 BL BR 1
5 3 BL BR 0
5 3 BL BR 1
1 2 TL TR 0
5 5 BL BR 1
0 0 BL BR 0
5 4 BL BR 1
GAMEOVER WINNER 1
# Game ended: Fri Sep 13 16:15:00 EDT 2019
