# Server version 0.08 running on KARTIK-MISRA:8123
# Game ID: 3
# Board class: pentago_swap.PentagoBoard
# Timeout: 2000
# First Move Timeout: 30000
# Date: Wed Apr 10 18:24:17 EDT 2019
# Player 1: Player-0, '260663577', running on 127.0.0.1
# Player 2: Player-1, 'RandomPlayer', running on 127.0.0.1
START Player-0 260663577
START Player-1 RandomPlayer
5 2 TR BR 0
0 1 TR BR 1
0 4 TL TR 0
3 2 TL TR 1
4 0 BL BR 0
1 5 BL BR 1
2 1 TL BL 0
3 5 TL BL 1
5 3 BL BR 0
5 3 BL BR 1
1 4 TL TR 0
3 1 TL TR 1
0 0 BL BR 0
1 1 BL BR 1
4 5 TR BR 0
5 3 TR BR 1
1 3 TL BR 0
1 1 TL BR 1
GAMEOVER TIMEOUT WINNER 1
# Game ended: Wed Apr 10 18:24:20 EDT 2019
