# Server version 0.08 running on KARTIK-MISRA:8123
# Game ID: 6
# Board class: pentago_swap.PentagoBoard
# Timeout: 2000
# First Move Timeout: 30000
# Date: Wed Apr 10 18:26:06 EDT 2019
# Player 1: Player-0, '260663577', running on 127.0.0.1
# Player 2: Player-1, 'RandomPlayer', running on 127.0.0.1
START Player-0 260663577
START Player-1 RandomPlayer
5 5 BL BR 0
0 1 TR BR 1
5 5 BL BR 0
3 1 TL TR 1
5 4 BL BR 0
1 4 BL BR 1
5 3 BL BR 0
3 1 TL BL 1
5 4 BL BR 0
5 4 BL BR 1
5 3 BL BR 0
3 3 TL TR 1
5 5 BL BR 0
1 0 BL BR 1
5 3 BL BR 0
4 3 TR BR 1
4 5 BL BR 0
1 4 TL BR 1
5 5 BL BR 0
3 5 TR BR 1
5 1 BL BR 0
1 4 TL TR 1
5 3 BL BR 0
GAMEOVER WINNER 0
# Game ended: Wed Apr 10 18:26:08 EDT 2019
